This file contains any messages produced by compilers while
running configure, to aid debugging if configure makes a mistake.

It was created by jq configure 1.6, which was
generated by GNU Autoconf 2.69.  Invocation command line was

  $ ./configure 

## --------- ##
## Platform. ##
## --------- ##

hostname = ip-172-31-9-9.ap-south-1.compute.internal
uname -m = x86_64
uname -r = 5.10.144-127.601.amzn2.x86_64
uname -s = Linux
uname -v = #1 SMP Thu Sep 29 01:11:59 UTC 2022

/usr/bin/uname -p = x86_64
/bin/uname -X     = unknown

/bin/arch              = x86_64
/usr/bin/arch -k       = unknown
/usr/convex/getsysinfo = unknown
/usr/bin/hostinfo      = unknown
/bin/machine           = unknown
/usr/bin/oslevel       = unknown
/bin/universe          = unknown

PATH: /sbin
PATH: /bin
PATH: /usr/sbin
PATH: /usr/bin


## ----------- ##
## Core tests. ##
## ----------- ##

configure:2576: checking for a BSD-compatible install
configure:2644: result: /bin/install -c
configure:2655: checking whether build environment is sane
configure:2710: result: yes
configure:2861: checking for a thread-safe mkdir -p
configure:2900: result: /bin/mkdir -p
configure:2907: checking for gawk
configure:2923: found /bin/gawk
configure:2934: result: gawk
configure:2945: checking whether make sets $(MAKE)
configure:2967: result: yes
configure:2996: checking whether make supports nested variables
configure:3013: result: yes
configure:3150: checking whether make supports nested variables
configure:3167: result: yes
configure:3190: checking for style of include used by make
configure:3218: result: GNU
configure:3289: checking for gcc
configure:3319: result: no
configure:3382: checking for cc
configure:3429: result: no
configure:3485: checking for cl.exe
configure:3515: result: no
configure:3539: error: in `/home/ec2-user/jq-1.6':
configure:3541: error: no acceptable C compiler found in $PATH
See `config.log' for more details

## ---------------- ##
## Cache variables. ##
## ---------------- ##

ac_cv_env_CC_set=
ac_cv_env_CC_value=
ac_cv_env_CFLAGS_set=
ac_cv_env_CFLAGS_value=
ac_cv_env_CPPFLAGS_set=
ac_cv_env_CPPFLAGS_value=
ac_cv_env_CPP_set=
ac_cv_env_CPP_value=
ac_cv_env_LDFLAGS_set=
ac_cv_env_LDFLAGS_value=
ac_cv_env_LIBS_set=
ac_cv_env_LIBS_value=
ac_cv_env_LT_SYS_LIBRARY_PATH_set=
ac_cv_env_LT_SYS_LIBRARY_PATH_value=
ac_cv_env_YACC_set=
ac_cv_env_YACC_value=
ac_cv_env_YFLAGS_set=
ac_cv_env_YFLAGS_value=
ac_cv_env_build_alias_set=
ac_cv_env_build_alias_value=
ac_cv_env_host_alias_set=
ac_cv_env_host_alias_value=
ac_cv_env_target_alias_set=
ac_cv_env_target_alias_value=
ac_cv_path_install='/bin/install -c'
ac_cv_path_mkdir=/bin/mkdir
ac_cv_prog_AWK=gawk
ac_cv_prog_make_make_set=yes
am_cv_make_support_nested_variables=yes

## ----------------- ##
## Output variables. ##
## ----------------- ##

ACLOCAL='${SHELL} /home/ec2-user/jq-1.6/config/missing aclocal-1.15'
ALLOCA=''
AMDEPBACKSLASH='\'
AMDEP_FALSE='#'
AMDEP_TRUE=''
AMTAR='$${TAR-tar}'
AM_BACKSLASH='\'
AM_DEFAULT_V='$(AM_DEFAULT_VERBOSITY)'
AM_DEFAULT_VERBOSITY='0'
AM_V='$(V)'
AR=''
AS=''
AUTOCONF='${SHELL} /home/ec2-user/jq-1.6/config/missing autoconf'
AUTOHEADER='${SHELL} /home/ec2-user/jq-1.6/config/missing autoheader'
AUTOMAKE='${SHELL} /home/ec2-user/jq-1.6/config/missing automake-1.15'
AWK='gawk'
BISON_VERSION=''
BUILD_ONIGURUMA_FALSE=''
BUILD_ONIGURUMA_TRUE=''
BUNDLER=''
CC=''
CCDEPMODE=''
CFLAGS=''
CPP=''
CPPFLAGS=''
CYGPATH_W='echo'
DEFS=''
DEPDIR='.deps'
DLLTOOL=''
DSYMUTIL=''
DUMPBIN=''
ECHO_C=''
ECHO_N='-n'
ECHO_T=''
EGREP=''
ENABLE_ALL_STATIC_FALSE=''
ENABLE_ALL_STATIC_TRUE=''
ENABLE_ASAN_FALSE=''
ENABLE_ASAN_TRUE=''
ENABLE_DOCS_FALSE=''
ENABLE_DOCS_TRUE=''
ENABLE_ERROR_INJECTION_FALSE=''
ENABLE_ERROR_INJECTION_TRUE=''
ENABLE_GCOV_FALSE=''
ENABLE_GCOV_TRUE=''
ENABLE_UBSAN_FALSE=''
ENABLE_UBSAN_TRUE=''
ENABLE_VALGRIND_FALSE=''
ENABLE_VALGRIND_TRUE=''
EXEEXT=''
FGREP=''
GREP=''
INSTALL_DATA='${INSTALL} -m 644'
INSTALL_PROGRAM='${INSTALL}'
INSTALL_SCRIPT='${INSTALL}'
INSTALL_STRIP_PROGRAM='$(install_sh) -c -s'
LD=''
LDFLAGS=''
LEX=''
LIBOBJS=''
LIBS=''
LIBTOOL=''
LIB__isatty=''
LIB_atexit=''
LIB_gettimeofday=''
LIB_gmtime=''
LIB_gmtime_r=''
LIB_isatty=''
LIB_localtime=''
LIB_localtime_r=''
LIB_pthread_key_create=''
LIB_pthread_once=''
LIB_strftime=''
LIB_strptime=''
LIB_timegm=''
LIPO=''
LN_S=''
LTLIBOBJS=''
LT_SYS_LIBRARY_PATH=''
MAINT=''
MAINTAINER_MODE_FALSE=''
MAINTAINER_MODE_TRUE=''
MAKEINFO='${SHELL} /home/ec2-user/jq-1.6/config/missing makeinfo'
MANIFEST_TOOL=''
MKDIR_P='/bin/mkdir -p'
NM=''
NMEDIT=''
OBJDUMP=''
OBJEXT=''
OTOOL64=''
OTOOL=''
PACKAGE='jq'
PACKAGE_BUGREPORT='https://github.com/stedolan/jq/issues'
PACKAGE_NAME='jq'
PACKAGE_STRING='jq 1.6'
PACKAGE_TARNAME='jq'
PACKAGE_URL='https://stedolan.github.io/jq'
PACKAGE_VERSION='1.6'
PATH_SEPARATOR=':'
RANLIB=''
SED=''
SET_MAKE=''
SHELL='/bin/sh'
STRIP=''
VERSION='1.6'
WIN32_FALSE=''
WIN32_TRUE=''
YACC=''
YFLAGS=''
ac_ct_AR=''
ac_ct_CC=''
ac_ct_DUMPBIN=''
am__EXEEXT_FALSE=''
am__EXEEXT_TRUE=''
am__fastdepCC_FALSE=''
am__fastdepCC_TRUE=''
am__include='include'
am__isrc=''
am__leading_dot='.'
am__nodep='_no'
am__quote=''
am__tar='$${TAR-tar} chof - "$$tardir"'
am__untar='$${TAR-tar} xf -'
bindir='${exec_prefix}/bin'
build=''
build_alias=''
build_cpu=''
build_os=''
build_vendor=''
bundle_cmd=''
datadir='${datarootdir}'
datarootdir='${prefix}/share'
docdir='${datarootdir}/doc/${PACKAGE_TARNAME}'
dvidir='${docdir}'
exec_prefix='NONE'
host=''
host_alias=''
host_cpu=''
host_os=''
host_vendor=''
htmldir='${docdir}'
includedir='${prefix}/include'
infodir='${datarootdir}/info'
install_sh='${SHELL} /home/ec2-user/jq-1.6/config/install-sh'
libdir='${exec_prefix}/lib'
libexecdir='${exec_prefix}/libexec'
localedir='${datarootdir}/locale'
localstatedir='${prefix}/var'
mandir='${datarootdir}/man'
mkdir_p='$(MKDIR_P)'
oldincludedir='/usr/include'
onig_CFLAGS=''
onig_LDFLAGS=''
pdfdir='${docdir}'
prefix='NONE'
program_transform_name='s,x,x,'
psdir='${docdir}'
sbindir='${exec_prefix}/sbin'
sharedstatedir='${prefix}/com'
subdirs=''
sysconfdir='${prefix}/etc'
target_alias=''
valgrind_cmd=''

## ----------- ##
## confdefs.h. ##
## ----------- ##

/* confdefs.h */
#define PACKAGE_NAME "jq"
#define PACKAGE_TARNAME "jq"
#define PACKAGE_VERSION "1.6"
#define PACKAGE_STRING "jq 1.6"
#define PACKAGE_BUGREPORT "https://github.com/stedolan/jq/issues"
#define PACKAGE_URL "https://stedolan.github.io/jq"
#define PACKAGE "jq"
#define VERSION "1.6"

configure: exit 1
